{"level":"info","message":"⌛ Building environment","timeElapsed":286,"timestamp":"2025-05-16T19:37:37.670Z"}
{"level":"info","message":"⌛ Validating materia.wlk","timeElapsed":169,"timestamp":"2025-05-16T19:37:37.847Z"}
{"level":"error","message":"✘ Failed to get type description: Error: Failed to print, found malformed node Failed to print, found malformed node","node":{"id":"c041a08b-2cb0-421b-b6ea-e2029528277e","metadata":[],"problems":[{"code":"malformedSentence","sourceMap":{"end":{"column":44,"line":242,"offset":6410},"start":{"column":13,"line":242,"offset":6379}}}],"scope":{"containerScope":{"containerScope":{"containerScope":{"containerScope":{"contributions":{},"includedScopes":[]},"contributions":{},"includedScopes":[]},"contributions":{},"includedScopes":[{"containerScope":{"containerScope":{"containerScope":{"contributions":{},"includedScopes":[]},"contributions":{},"includedScopes":[]},"contributions":{},"includedScopes":[]},"contributions":{},"includedScopes":[]}]},"contributions":{},"includedScopes":[]},"contributions":{},"includedScopes":[]},"sentences":[{"args":[{"id":"da420a11-e073-4bc8-8d76-2a9ce3c90825","metadata":[],"name":"materia","scope":{"containerScope":{"containerScope":{"containerScope":{"containerScope":{"containerScope":{"containerScope":{"contributions":{},"includedScopes":[]},"contributions":{},"includedScopes":[]},"contributions":{},"includedScopes":[{"containerScope":{"containerScope":{"containerScope":{"contributions":{},"includedScopes":[]},"contributions":{},"includedScopes":[]},"contributions":{},"includedScopes":[]},"contributions":{},"includedScopes":[]}]},"contributions":{},"includedScopes":[]},"contributions":{},"includedScopes":[]},"contributions":{},"includedScopes":[]},"contributions":{},"includedScopes":[]},"sourceMap":{"end":{"column":44,"line":241,"offset":6364},"start":{"column":37,"line":241,"offset":6357}}}],"id":"4ea9f6bd-4f3e-4fe9-a40b-ac73f8d5a309","message":"inscribirPorEstrategia","metadata":[],"receiver":{"id":"ba8dc9d8-1753-4c32-ad70-c9c60d5ebd68","metadata":[],"scope":{"containerScope":{"containerScope":{"containerScope":{"containerScope":{"containerScope":{"containerScope":{"contributions":{},"includedScopes":[]},"contributions":{},"includedScopes":[]},"contributions":{},"includedScopes":[{"containerScope":{"containerScope":{"containerScope":{"contributions":{},"includedScopes":[]},"contributions":{},"includedScopes":[]},"contributions":{},"includedScopes":[]},"contributions":{},"includedScopes":[]}]},"contributions":{},"includedScopes":[]},"contributions":{},"includedScopes":[]},"contributions":{},"includedScopes":[]},"contributions":{},"includedScopes":[]},"sourceMap":{"end":{"column":13,"line":241,"offset":6333},"start":{"column":9,"line":241,"offset":6329}}},"scope":{"containerScope":{"containerScope":{"containerScope":{"containerScope":{"containerScope":{"contributions":{},"includedScopes":[]},"contributions":{},"includedScopes":[]},"contributions":{},"includedScopes":[{"containerScope":{"containerScope":{"containerScope":{"contributions":{},"includedScopes":[]},"contributions":{},"includedScopes":[]},"contributions":{},"includedScopes":[]},"contributions":{},"includedScopes":[]}]},"contributions":{},"includedScopes":[]},"contributions":{},"includedScopes":[]},"contributions":{},"includedScopes":[]},"sourceMap":{"end":{"column":45,"line":241,"offset":6365},"start":{"column":9,"line":241,"offset":6329}}},{"id":"50615acf-384b-4b5e-8159-b226580fd76d","metadata":[],"scope":{"containerScope":{"containerScope":{"containerScope":{"containerScope":{"containerScope":{"contributions":{},"includedScopes":[]},"contributions":{},"includedScopes":[]},"contributions":{},"includedScopes":[{"containerScope":{"containerScope":{"containerScope":{"contributions":{},"includedScopes":[]},"contributions":{},"includedScopes":[]},"contributions":{},"includedScopes":[]},"contributions":{},"includedScopes":[]}]},"contributions":{},"includedScopes":[]},"contributions":{},"includedScopes":[]},"contributions":{},"includedScopes":[]},"sourceMap":{"end":{"column":13,"line":242,"offset":6379},"start":{"column":9,"line":242,"offset":6375}}}],"sourceMap":{"end":{"column":6,"line":243,"offset":6417},"start":{"column":40,"line":240,"offset":6318}}},"stack":"Error: Failed to print, found malformed node\n    at c:\\Users\\gasto\\.vscode\\extensions\\uqbar.wollok-lsp-ide-0.5.1\\out\\server\\src\\server.js:68:3585\n    at c:\\Users\\gasto\\.vscode\\extensions\\uqbar.wollok-lsp-ide-0.5.1\\out\\server\\src\\server.js:68:5370\n    at c:\\Users\\gasto\\.vscode\\extensions\\uqbar.wollok-lsp-ide-0.5.1\\out\\server\\src\\server.js:38:6131\n    at c:\\Users\\gasto\\.vscode\\extensions\\uqbar.wollok-lsp-ide-0.5.1\\out\\server\\src\\server.js:68:3664\n    at Fbn (c:\\Users\\gasto\\.vscode\\extensions\\uqbar.wollok-lsp-ide-0.5.1\\out\\server\\src\\server.js:68:3396)\n    at c:\\Users\\gasto\\.vscode\\extensions\\uqbar.wollok-lsp-ide-0.5.1\\out\\server\\src\\server.js:2371:847\n    at c:\\Users\\gasto\\.vscode\\extensions\\uqbar.wollok-lsp-ide-0.5.1\\out\\server\\src\\server.js:2371:8412\n    at c:\\Users\\gasto\\.vscode\\extensions\\uqbar.wollok-lsp-ide-0.5.1\\out\\server\\src\\server.js:37:74770\n    at Ye (c:\\Users\\gasto\\.vscode\\extensions\\uqbar.wollok-lsp-ide-0.5.1\\out\\server\\src\\server.js:7:8527)\n    at Dt (c:\\Users\\gasto\\.vscode\\extensions\\uqbar.wollok-lsp-ide-0.5.1\\out\\server\\src\\server.js:7:6189)","timestamp":"2025-05-16T19:37:40.676Z"}
{"level":"error","message":"✘ Failed to rebuild document Failed to parse materia.wlk: \n-- PARSING FAILED --------------------------------------------------\n\nGot the end of the input\n\nExpected one of the following: \n\n'@', 'const', 'method', 'override', 'var', '{', '}', any character/byte, comment, whitespace\n","stack":"Error: Failed to parse materia.wlk: \n-- PARSING FAILED --------------------------------------------------\n\nGot the end of the input\n\nExpected one of the following: \n\n'@', 'const', 'method', 'override', 'var', '{', '}', any character/byte, comment, whitespace\n\n    at c:\\Users\\gasto\\.vscode\\extensions\\uqbar.wollok-lsp-ide-0.5.1\\out\\server\\src\\server.js:2326:13026\n    at Array.map (<anonymous>)\n    at C1n (c:\\Users\\gasto\\.vscode\\extensions\\uqbar.wollok-lsp-ide-0.5.1\\out\\server\\src\\server.js:2326:12950)\n    at W2.buildEnvironmentFrom (c:\\Users\\gasto\\.vscode\\extensions\\uqbar.wollok-lsp-ide-0.5.1\\out\\server\\src\\server.js:2371:5254)\n    at W2.updateEnvironmentWith (c:\\Users\\gasto\\.vscode\\extensions\\uqbar.wollok-lsp-ide-0.5.1\\out\\server\\src\\server.js:2371:4989)\n    at YF (c:\\Users\\gasto\\.vscode\\extensions\\uqbar.wollok-lsp-ide-0.5.1\\out\\server\\src\\server.js:2371:7383)\n    at L3.invoke (c:\\Users\\gasto\\.vscode\\extensions\\uqbar.wollok-lsp-ide-0.5.1\\out\\server\\src\\server.js:3:157324)\n    at o.fire (c:\\Users\\gasto\\.vscode\\extensions\\uqbar.wollok-lsp-ide-0.5.1\\out\\server\\src\\server.js:3:158094)\n    at c:\\Users\\gasto\\.vscode\\extensions\\uqbar.wollok-lsp-ide-0.5.1\\out\\server\\src\\server.js:37:57871\n    at Kr (c:\\Users\\gasto\\.vscode\\extensions\\uqbar.wollok-lsp-ide-0.5.1\\out\\server\\src\\server.js:8:1561)","timestamp":"2025-05-16T19:37:41.251Z"}
{"level":"error","message":"✘ Failed to rebuild document Failed to parse materia.wlk: \n-- PARSING FAILED --------------------------------------------------\n\nGot the end of the input\n\nExpected one of the following: \n\n'@', 'const', 'method', 'override', 'var', '{', '}', any character/byte, comment, whitespace\n","stack":"Error: Failed to parse materia.wlk: \n-- PARSING FAILED --------------------------------------------------\n\nGot the end of the input\n\nExpected one of the following: \n\n'@', 'const', 'method', 'override', 'var', '{', '}', any character/byte, comment, whitespace\n\n    at c:\\Users\\gasto\\.vscode\\extensions\\uqbar.wollok-lsp-ide-0.5.1\\out\\server\\src\\server.js:2326:13026\n    at Array.map (<anonymous>)\n    at C1n (c:\\Users\\gasto\\.vscode\\extensions\\uqbar.wollok-lsp-ide-0.5.1\\out\\server\\src\\server.js:2326:12950)\n    at W2.buildEnvironmentFrom (c:\\Users\\gasto\\.vscode\\extensions\\uqbar.wollok-lsp-ide-0.5.1\\out\\server\\src\\server.js:2371:5254)\n    at W2.updateEnvironmentWith (c:\\Users\\gasto\\.vscode\\extensions\\uqbar.wollok-lsp-ide-0.5.1\\out\\server\\src\\server.js:2371:4989)\n    at YF (c:\\Users\\gasto\\.vscode\\extensions\\uqbar.wollok-lsp-ide-0.5.1\\out\\server\\src\\server.js:2371:7383)\n    at L3.invoke (c:\\Users\\gasto\\.vscode\\extensions\\uqbar.wollok-lsp-ide-0.5.1\\out\\server\\src\\server.js:3:157324)\n    at o.fire (c:\\Users\\gasto\\.vscode\\extensions\\uqbar.wollok-lsp-ide-0.5.1\\out\\server\\src\\server.js:3:158094)\n    at c:\\Users\\gasto\\.vscode\\extensions\\uqbar.wollok-lsp-ide-0.5.1\\out\\server\\src\\server.js:37:57871\n    at Kr (c:\\Users\\gasto\\.vscode\\extensions\\uqbar.wollok-lsp-ide-0.5.1\\out\\server\\src\\server.js:8:1561)","timestamp":"2025-05-16T19:37:41.371Z"}
{"level":"error","message":"✘ Failed to rebuild document Failed to parse materia.wlk: \n-- PARSING FAILED --------------------------------------------------\n\nGot the end of the input\n\nExpected one of the following: \n\n'@', 'const', 'method', 'override', 'var', '{', '}', any character/byte, comment, whitespace\n","stack":"Error: Failed to parse materia.wlk: \n-- PARSING FAILED --------------------------------------------------\n\nGot the end of the input\n\nExpected one of the following: \n\n'@', 'const', 'method', 'override', 'var', '{', '}', any character/byte, comment, whitespace\n\n    at c:\\Users\\gasto\\.vscode\\extensions\\uqbar.wollok-lsp-ide-0.5.1\\out\\server\\src\\server.js:2326:13026\n    at Array.map (<anonymous>)\n    at C1n (c:\\Users\\gasto\\.vscode\\extensions\\uqbar.wollok-lsp-ide-0.5.1\\out\\server\\src\\server.js:2326:12950)\n    at W2.buildEnvironmentFrom (c:\\Users\\gasto\\.vscode\\extensions\\uqbar.wollok-lsp-ide-0.5.1\\out\\server\\src\\server.js:2371:5254)\n    at W2.updateEnvironmentWith (c:\\Users\\gasto\\.vscode\\extensions\\uqbar.wollok-lsp-ide-0.5.1\\out\\server\\src\\server.js:2371:4989)\n    at YF (c:\\Users\\gasto\\.vscode\\extensions\\uqbar.wollok-lsp-ide-0.5.1\\out\\server\\src\\server.js:2371:7383)\n    at L3.invoke (c:\\Users\\gasto\\.vscode\\extensions\\uqbar.wollok-lsp-ide-0.5.1\\out\\server\\src\\server.js:3:157324)\n    at o.fire (c:\\Users\\gasto\\.vscode\\extensions\\uqbar.wollok-lsp-ide-0.5.1\\out\\server\\src\\server.js:3:158094)\n    at c:\\Users\\gasto\\.vscode\\extensions\\uqbar.wollok-lsp-ide-0.5.1\\out\\server\\src\\server.js:37:57871\n    at Kr (c:\\Users\\gasto\\.vscode\\extensions\\uqbar.wollok-lsp-ide-0.5.1\\out\\server\\src\\server.js:8:1561)","timestamp":"2025-05-16T19:37:41.559Z"}
{"level":"error","message":"✘ Failed to rebuild document Failed to parse materia.wlk: \n-- PARSING FAILED --------------------------------------------------\n\nGot the end of the input\n\nExpected one of the following: \n\n'@', 'const', 'method', 'override', 'var', '{', '}', any character/byte, comment, whitespace\n","stack":"Error: Failed to parse materia.wlk: \n-- PARSING FAILED --------------------------------------------------\n\nGot the end of the input\n\nExpected one of the following: \n\n'@', 'const', 'method', 'override', 'var', '{', '}', any character/byte, comment, whitespace\n\n    at c:\\Users\\gasto\\.vscode\\extensions\\uqbar.wollok-lsp-ide-0.5.1\\out\\server\\src\\server.js:2326:13026\n    at Array.map (<anonymous>)\n    at C1n (c:\\Users\\gasto\\.vscode\\extensions\\uqbar.wollok-lsp-ide-0.5.1\\out\\server\\src\\server.js:2326:12950)\n    at W2.buildEnvironmentFrom (c:\\Users\\gasto\\.vscode\\extensions\\uqbar.wollok-lsp-ide-0.5.1\\out\\server\\src\\server.js:2371:5254)\n    at W2.updateEnvironmentWith (c:\\Users\\gasto\\.vscode\\extensions\\uqbar.wollok-lsp-ide-0.5.1\\out\\server\\src\\server.js:2371:4989)\n    at YF (c:\\Users\\gasto\\.vscode\\extensions\\uqbar.wollok-lsp-ide-0.5.1\\out\\server\\src\\server.js:2371:7383)\n    at L3.invoke (c:\\Users\\gasto\\.vscode\\extensions\\uqbar.wollok-lsp-ide-0.5.1\\out\\server\\src\\server.js:3:157324)\n    at o.fire (c:\\Users\\gasto\\.vscode\\extensions\\uqbar.wollok-lsp-ide-0.5.1\\out\\server\\src\\server.js:3:158094)\n    at c:\\Users\\gasto\\.vscode\\extensions\\uqbar.wollok-lsp-ide-0.5.1\\out\\server\\src\\server.js:37:57871\n    at Kr (c:\\Users\\gasto\\.vscode\\extensions\\uqbar.wollok-lsp-ide-0.5.1\\out\\server\\src\\server.js:8:1561)","timestamp":"2025-05-16T19:37:41.874Z"}
{"level":"info","message":"⌛ Building environment","timeElapsed":139,"timestamp":"2025-05-16T19:37:42.404Z"}
{"level":"info","message":"⌛ Validating materia.wlk","timeElapsed":137,"timestamp":"2025-05-16T19:37:42.542Z"}
{"level":"info","message":"⌛ Building environment","timeElapsed":123,"timestamp":"2025-05-16T19:37:45.384Z"}
{"level":"info","message":"⌛ Validating materia.wlk","timeElapsed":106,"timestamp":"2025-05-16T19:37:45.491Z"}
{"level":"info","message":"⌛ Building environment","timeElapsed":178,"timestamp":"2025-05-16T19:37:45.671Z"}
{"level":"info","message":"⌛ Building environment","timeElapsed":124,"timestamp":"2025-05-16T19:37:45.796Z"}
{"level":"info","message":"⌛ Validating materia.wlk","timeElapsed":124,"timestamp":"2025-05-16T19:37:45.921Z"}
{"level":"info","message":"⌛ Validating materia.wlk","timeElapsed":128,"timestamp":"2025-05-16T19:37:46.049Z"}
{"level":"info","message":"⌛ Building environment","timeElapsed":108,"timestamp":"2025-05-16T19:37:46.158Z"}
{"level":"info","message":"⌛ Building environment","timeElapsed":150,"timestamp":"2025-05-16T19:37:46.308Z"}
{"level":"info","message":"⌛ Validating materia.wlk","timeElapsed":269,"timestamp":"2025-05-16T19:37:46.578Z"}
{"level":"info","message":"⌛ Building environment","timeElapsed":122,"timestamp":"2025-05-16T19:37:46.700Z"}
{"level":"info","message":"⌛ Validating materia.wlk","timeElapsed":103,"timestamp":"2025-05-16T19:37:46.804Z"}
{"level":"info","message":"⌛ Building environment","timeElapsed":164,"timestamp":"2025-05-16T19:37:46.969Z"}
{"level":"info","message":"⌛ Validating materia.wlk","timeElapsed":108,"timestamp":"2025-05-16T19:37:47.195Z"}
{"level":"info","message":"⌛ Building environment","timeElapsed":107,"timestamp":"2025-05-16T19:37:47.302Z"}
{"level":"info","message":"⌛ Building environment","timeElapsed":163,"timestamp":"2025-05-16T19:37:55.153Z"}
{"level":"info","message":"⌛ Validating materia.wlk","timeElapsed":113,"timestamp":"2025-05-16T19:37:55.267Z"}
{"level":"info","message":"⌛ Building environment","timeElapsed":150,"timestamp":"2025-05-16T19:37:59.690Z"}
{"level":"info","message":"⌛ Validating materia.wlk","timeElapsed":135,"timestamp":"2025-05-16T19:37:59.880Z"}
{"level":"info","message":"⌛ Building environment","timeElapsed":205,"timestamp":"2025-05-16T19:38:00.085Z"}
{"level":"info","message":"⌛ Validating materia.wlk","timeElapsed":154,"timestamp":"2025-05-16T19:38:00.253Z"}
{"level":"info","message":"⌛ Building environment","timeElapsed":155,"timestamp":"2025-05-16T19:38:01.157Z"}
{"level":"info","message":"⌛ Building environment","timeElapsed":107,"timestamp":"2025-05-16T19:38:01.264Z"}
{"level":"info","message":"⌛ Validating materia.wlk","timeElapsed":124,"timestamp":"2025-05-16T19:38:01.389Z"}
{"level":"info","message":"⌛ Validating materia.wlk","timeElapsed":101,"timestamp":"2025-05-16T19:38:01.490Z"}
{"level":"info","message":"⌛ Building environment","timeElapsed":245,"timestamp":"2025-05-16T19:38:01.760Z"}
{"level":"info","message":"⌛ Building environment","timeElapsed":147,"timestamp":"2025-05-16T19:38:01.909Z"}
{"level":"info","message":"⌛ Building environment","timeElapsed":144,"timestamp":"2025-05-16T19:38:02.054Z"}
{"level":"info","message":"⌛ Validating materia.wlk","timeElapsed":183,"timestamp":"2025-05-16T19:38:02.239Z"}
{"level":"info","message":"⌛ Building environment","timeElapsed":104,"timestamp":"2025-05-16T19:38:02.343Z"}
{"level":"info","message":"⌛ Building environment","timeElapsed":105,"timestamp":"2025-05-16T19:38:02.451Z"}
{"level":"info","message":"⌛ Validating materia.wlk","timeElapsed":101,"timestamp":"2025-05-16T19:38:02.552Z"}
{"level":"info","message":"⌛ Building environment","timeElapsed":103,"timestamp":"2025-05-16T19:38:02.656Z"}
{"level":"info","message":"⌛ Validating materia.wlk","timeElapsed":103,"timestamp":"2025-05-16T19:38:02.971Z"}
{"level":"info","message":"⌛ Validating materia.wlk","timeElapsed":104,"timestamp":"2025-05-16T19:38:03.089Z"}
{"level":"info","message":"⌛ Building environment","timeElapsed":126,"timestamp":"2025-05-16T19:38:03.891Z"}
{"level":"info","message":"⌛ Validating materia.wlk","timeElapsed":114,"timestamp":"2025-05-16T19:38:04.039Z"}
{"level":"info","message":"⌛ Building environment","timeElapsed":150,"timestamp":"2025-05-16T19:38:04.190Z"}
{"level":"info","message":"⌛ Building environment","timeElapsed":130,"timestamp":"2025-05-16T19:38:04.349Z"}
{"level":"info","message":"⌛ Building environment","timeElapsed":148,"timestamp":"2025-05-16T19:38:04.503Z"}
{"level":"info","message":"⌛ Validating materia.wlk","timeElapsed":120,"timestamp":"2025-05-16T19:38:04.623Z"}
{"level":"info","message":"⌛ Building environment","timeElapsed":119,"timestamp":"2025-05-16T19:38:04.743Z"}
{"level":"info","message":"⌛ Validating materia.wlk","timeElapsed":117,"timestamp":"2025-05-16T19:38:04.890Z"}
{"level":"info","message":"⌛ Building environment","timeElapsed":131,"timestamp":"2025-05-16T19:38:05.022Z"}
{"level":"info","message":"⌛ Validating materia.wlk","timeElapsed":115,"timestamp":"2025-05-16T19:38:05.138Z"}
{"level":"info","message":"⌛ Building environment","timeElapsed":201,"timestamp":"2025-05-16T19:38:05.341Z"}
{"level":"info","message":"⌛ Validating materia.wlk","timeElapsed":120,"timestamp":"2025-05-16T19:38:05.523Z"}
{"level":"info","message":"⌛ Validating materia.wlk","timeElapsed":112,"timestamp":"2025-05-16T19:38:05.663Z"}
{"level":"info","message":"⌛ Validating materia.wlk","timeElapsed":155,"timestamp":"2025-05-16T19:38:05.818Z"}
{"level":"info","message":"⌛ Building environment","timeElapsed":107,"timestamp":"2025-05-16T19:38:05.927Z"}
{"level":"info","message":"⌛ Building environment","timeElapsed":126,"timestamp":"2025-05-16T19:38:06.054Z"}
{"level":"info","message":"⌛ Building environment","timeElapsed":127,"timestamp":"2025-05-16T19:38:06.182Z"}
{"level":"info","message":"⌛ Building environment","timeElapsed":117,"timestamp":"2025-05-16T19:38:06.300Z"}
{"level":"info","message":"⌛ Validating materia.wlk","timeElapsed":104,"timestamp":"2025-05-16T19:38:06.405Z"}
{"level":"info","message":"⌛ Validating materia.wlk","timeElapsed":109,"timestamp":"2025-05-16T19:38:06.517Z"}
{"level":"info","message":"⌛ Validating materia.wlk","timeElapsed":203,"timestamp":"2025-05-16T19:38:06.745Z"}
{"level":"info","message":"⌛ Validating materia.wlk","timeElapsed":107,"timestamp":"2025-05-16T19:38:06.852Z"}
{"level":"info","message":"⌛ Building environment","timeElapsed":105,"timestamp":"2025-05-16T19:38:06.958Z"}
{"level":"info","message":"⌛ Validating materia.wlk","timeElapsed":103,"timestamp":"2025-05-16T19:38:07.068Z"}
{"level":"info","message":"⌛ Building environment","timeElapsed":181,"timestamp":"2025-05-16T19:38:08.781Z"}
{"level":"info","message":"⌛ Validating materia.wlk","timeElapsed":122,"timestamp":"2025-05-16T19:38:08.905Z"}
{"level":"info","message":"⌛ Building environment","timeElapsed":134,"timestamp":"2025-05-16T19:38:14.497Z"}
{"level":"info","message":"⌛ Validating materia.wlk","timeElapsed":152,"timestamp":"2025-05-16T19:38:14.650Z"}
{"level":"info","message":"⌛ Building environment","timeElapsed":145,"timestamp":"2025-05-16T19:38:18.300Z"}
{"level":"error","message":"✘ Completions for node Send ([253:8, 253:36] - materia.wlk) failed: Error: [Send]{0be86e} at materia.wlk:253 exhausted all cases without a match [Send]{0be86e} at materia.wlk:253 exhausted all cases without a match","stack":"Error: [Send]{0be86e} at materia.wlk:253 exhausted all cases without a match\n    at c:\\Users\\gasto\\.vscode\\extensions\\uqbar.wollok-lsp-ide-0.5.1\\out\\server\\src\\server.js:38:6142\n    at C2 (c:\\Users\\gasto\\.vscode\\extensions\\uqbar.wollok-lsp-ide-0.5.1\\out\\server\\src\\server.js:2362:42)\n    at Gh (c:\\Users\\gasto\\.vscode\\extensions\\uqbar.wollok-lsp-ide-0.5.1\\out\\server\\src\\server.js:2362:1092)\n    at a8n (c:\\Users\\gasto\\.vscode\\extensions\\uqbar.wollok-lsp-ide-0.5.1\\out\\server\\src\\server.js:2362:1248)\n    at c:\\Users\\gasto\\.vscode\\extensions\\uqbar.wollok-lsp-ide-0.5.1\\out\\server\\src\\server.js:38:6131\n    at C2 (c:\\Users\\gasto\\.vscode\\extensions\\uqbar.wollok-lsp-ide-0.5.1\\out\\server\\src\\server.js:2362:42)\n    at c:\\Users\\gasto\\.vscode\\extensions\\uqbar.wollok-lsp-ide-0.5.1\\out\\server\\src\\server.js:2362:2988\n    at c:\\Users\\gasto\\.vscode\\extensions\\uqbar.wollok-lsp-ide-0.5.1\\out\\server\\src\\server.js:2371:8412\n    at c:\\Users\\gasto\\.vscode\\extensions\\uqbar.wollok-lsp-ide-0.5.1\\out\\server\\src\\server.js:37:74872\n    at Ye (c:\\Users\\gasto\\.vscode\\extensions\\uqbar.wollok-lsp-ide-0.5.1\\out\\server\\src\\server.js:7:8527)","timestamp":"2025-05-16T19:38:18.349Z"}
{"level":"info","message":"⌛ Validating materia.wlk","timeElapsed":110,"timestamp":"2025-05-16T19:38:18.462Z"}
{"level":"info","message":"⌛ Building environment","timeElapsed":142,"timestamp":"2025-05-16T19:38:18.605Z"}
{"level":"info","message":"⌛ Building environment","timeElapsed":118,"timestamp":"2025-05-16T19:38:18.726Z"}
{"level":"info","message":"⌛ Validating materia.wlk","timeElapsed":137,"timestamp":"2025-05-16T19:38:18.863Z"}
{"level":"info","message":"⌛ Building environment","timeElapsed":227,"timestamp":"2025-05-16T19:38:19.092Z"}
{"level":"info","message":"⌛ Validating materia.wlk","timeElapsed":166,"timestamp":"2025-05-16T19:38:19.264Z"}
{"level":"info","message":"⌛ Building environment","timeElapsed":128,"timestamp":"2025-05-16T19:38:19.394Z"}
{"level":"info","message":"⌛ Building environment","timeElapsed":106,"timestamp":"2025-05-16T19:38:19.500Z"}
{"level":"info","message":"⌛ Building environment","timeElapsed":114,"timestamp":"2025-05-16T19:38:19.616Z"}
{"level":"info","message":"⌛ Building environment","timeElapsed":194,"timestamp":"2025-05-16T19:38:19.811Z"}
{"level":"info","message":"⌛ Validating materia.wlk","timeElapsed":131,"timestamp":"2025-05-16T19:38:19.942Z"}
{"level":"info","message":"⌛ Building environment","timeElapsed":183,"timestamp":"2025-05-16T19:38:20.127Z"}
{"level":"info","message":"⌛ Building environment","timeElapsed":150,"timestamp":"2025-05-16T19:38:20.277Z"}
{"level":"info","message":"⌛ Validating materia.wlk","timeElapsed":128,"timestamp":"2025-05-16T19:38:20.410Z"}
{"level":"info","message":"⌛ Validating materia.wlk","timeElapsed":138,"timestamp":"2025-05-16T19:38:20.549Z"}
{"level":"info","message":"⌛ Validating materia.wlk","timeElapsed":107,"timestamp":"2025-05-16T19:38:20.675Z"}
{"level":"info","message":"⌛ Building environment","timeElapsed":131,"timestamp":"2025-05-16T19:38:20.807Z"}
{"level":"error","message":"✘ Completions for node Send ([253:8, 253:46] - materia.wlk) failed: Error: [Send]{5afb54} at materia.wlk:253 exhausted all cases without a match [Send]{5afb54} at materia.wlk:253 exhausted all cases without a match","stack":"Error: [Send]{5afb54} at materia.wlk:253 exhausted all cases without a match\n    at c:\\Users\\gasto\\.vscode\\extensions\\uqbar.wollok-lsp-ide-0.5.1\\out\\server\\src\\server.js:38:6142\n    at C2 (c:\\Users\\gasto\\.vscode\\extensions\\uqbar.wollok-lsp-ide-0.5.1\\out\\server\\src\\server.js:2362:42)\n    at Gh (c:\\Users\\gasto\\.vscode\\extensions\\uqbar.wollok-lsp-ide-0.5.1\\out\\server\\src\\server.js:2362:1092)\n    at a8n (c:\\Users\\gasto\\.vscode\\extensions\\uqbar.wollok-lsp-ide-0.5.1\\out\\server\\src\\server.js:2362:1248)\n    at c:\\Users\\gasto\\.vscode\\extensions\\uqbar.wollok-lsp-ide-0.5.1\\out\\server\\src\\server.js:38:6131\n    at C2 (c:\\Users\\gasto\\.vscode\\extensions\\uqbar.wollok-lsp-ide-0.5.1\\out\\server\\src\\server.js:2362:42)\n    at c:\\Users\\gasto\\.vscode\\extensions\\uqbar.wollok-lsp-ide-0.5.1\\out\\server\\src\\server.js:2362:2988\n    at c:\\Users\\gasto\\.vscode\\extensions\\uqbar.wollok-lsp-ide-0.5.1\\out\\server\\src\\server.js:2371:8412\n    at c:\\Users\\gasto\\.vscode\\extensions\\uqbar.wollok-lsp-ide-0.5.1\\out\\server\\src\\server.js:37:74872\n    at Ye (c:\\Users\\gasto\\.vscode\\extensions\\uqbar.wollok-lsp-ide-0.5.1\\out\\server\\src\\server.js:7:8527)","timestamp":"2025-05-16T19:38:20.842Z"}
{"level":"info","message":"⌛ Validating materia.wlk","timeElapsed":102,"timestamp":"2025-05-16T19:38:20.949Z"}
{"level":"info","message":"⌛ Building environment","timeElapsed":124,"timestamp":"2025-05-16T19:38:21.074Z"}
{"level":"info","message":"⌛ Building environment","timeElapsed":107,"timestamp":"2025-05-16T19:38:21.181Z"}
{"level":"info","message":"⌛ Building environment","timeElapsed":101,"timestamp":"2025-05-16T19:38:21.282Z"}
{"level":"info","message":"⌛ Building environment","timeElapsed":106,"timestamp":"2025-05-16T19:38:21.486Z"}
{"level":"info","message":"⌛ Validating materia.wlk","timeElapsed":116,"timestamp":"2025-05-16T19:38:21.603Z"}
{"level":"info","message":"⌛ Building environment","timeElapsed":116,"timestamp":"2025-05-16T19:38:21.719Z"}
{"level":"info","message":"⌛ Building environment","timeElapsed":128,"timestamp":"2025-05-16T19:38:21.847Z"}
{"level":"info","message":"⌛ Autocomplete - Body","timeElapsed":105,"timestamp":"2025-05-16T19:38:21.964Z"}
{"level":"info","message":"⌛ Validating materia.wlk","timeElapsed":118,"timestamp":"2025-05-16T19:38:22.084Z"}
{"level":"info","message":"⌛ Validating materia.wlk","timeElapsed":115,"timestamp":"2025-05-16T19:38:22.216Z"}
{"level":"info","message":"⌛ Validating materia.wlk","timeElapsed":111,"timestamp":"2025-05-16T19:38:22.327Z"}
{"level":"info","message":"⌛ Validating materia.wlk","timeElapsed":103,"timestamp":"2025-05-16T19:38:22.538Z"}
{"level":"info","message":"⌛ Building environment","timeElapsed":143,"timestamp":"2025-05-16T19:38:22.681Z"}
{"level":"info","message":"⌛ Building environment","timeElapsed":176,"timestamp":"2025-05-16T19:38:22.860Z"}
{"level":"info","message":"⌛ Validating materia.wlk","timeElapsed":137,"timestamp":"2025-05-16T19:38:22.997Z"}
{"level":"info","message":"⌛ Building environment","timeElapsed":128,"timestamp":"2025-05-16T19:38:23.125Z"}
{"level":"info","message":"⌛ Building environment","timeElapsed":106,"timestamp":"2025-05-16T19:38:23.232Z"}
{"level":"info","message":"⌛ Validating materia.wlk","timeElapsed":109,"timestamp":"2025-05-16T19:38:23.442Z"}
{"level":"info","message":"⌛ Building environment","timeElapsed":110,"timestamp":"2025-05-16T19:38:23.553Z"}
{"level":"info","message":"⌛ Validating materia.wlk","timeElapsed":108,"timestamp":"2025-05-16T19:38:23.776Z"}
{"level":"info","message":"⌛ Validating materia.wlk","timeElapsed":102,"timestamp":"2025-05-16T19:38:23.879Z"}
{"level":"info","message":"⌛ Building environment","timeElapsed":150,"timestamp":"2025-05-16T19:38:26.617Z"}
{"level":"info","message":"⌛ Validating materia.wlk","timeElapsed":122,"timestamp":"2025-05-16T19:38:26.740Z"}
{"level":"info","message":"⌛ Building environment","timeElapsed":144,"timestamp":"2025-05-16T19:38:38.942Z"}
{"level":"info","message":"⌛ Validating materia.wlk","timeElapsed":121,"timestamp":"2025-05-16T19:38:39.065Z"}
{"level":"info","message":"⌛ Building environment","timeElapsed":189,"timestamp":"2025-05-16T19:38:46.201Z"}
{"level":"info","message":"⌛ Building environment","timeElapsed":277,"timestamp":"2025-05-16T19:38:46.516Z"}
{"level":"info","message":"⌛ Validating materia.wlk","timeElapsed":125,"timestamp":"2025-05-16T19:38:46.641Z"}
{"level":"info","message":"⌛ Building environment","timeElapsed":126,"timestamp":"2025-05-16T19:38:46.794Z"}
{"level":"info","message":"⌛ Validating materia.wlk","timeElapsed":110,"timestamp":"2025-05-16T19:38:46.904Z"}
{"level":"info","message":"⌛ Building environment","timeElapsed":117,"timestamp":"2025-05-16T19:38:47.022Z"}
{"level":"info","message":"⌛ Validating materia.wlk","timeElapsed":108,"timestamp":"2025-05-16T19:38:47.135Z"}
{"level":"info","message":"⌛ Validating materia.wlk","timeElapsed":103,"timestamp":"2025-05-16T19:38:47.239Z"}
{"level":"info","message":"⌛ Building environment","timeElapsed":124,"timestamp":"2025-05-16T19:38:47.493Z"}
{"level":"info","message":"⌛ Building environment","timeElapsed":109,"timestamp":"2025-05-16T19:38:47.637Z"}
{"level":"info","message":"⌛ Validating materia.wlk","timeElapsed":134,"timestamp":"2025-05-16T19:38:47.771Z"}
{"level":"info","message":"⌛ Validating materia.wlk","timeElapsed":111,"timestamp":"2025-05-16T19:38:47.883Z"}
{"level":"info","message":"⌛ Building environment","timeElapsed":128,"timestamp":"2025-05-16T19:38:48.022Z"}
{"level":"info","message":"⌛ Building environment","timeElapsed":136,"timestamp":"2025-05-16T19:38:48.159Z"}
{"level":"info","message":"⌛ Validating materia.wlk","timeElapsed":134,"timestamp":"2025-05-16T19:38:48.294Z"}
{"level":"info","message":"⌛ Building environment","timeElapsed":119,"timestamp":"2025-05-16T19:38:48.414Z"}
{"level":"info","message":"⌛ Validating materia.wlk","timeElapsed":108,"timestamp":"2025-05-16T19:38:48.524Z"}
{"level":"info","message":"⌛ Building environment","timeElapsed":122,"timestamp":"2025-05-16T19:38:48.646Z"}
{"level":"info","message":"⌛ Building environment","timeElapsed":156,"timestamp":"2025-05-16T19:38:48.804Z"}
{"level":"info","message":"⌛ Validating materia.wlk","timeElapsed":156,"timestamp":"2025-05-16T19:38:48.962Z"}
{"level":"info","message":"⌛ Validating materia.wlk","timeElapsed":106,"timestamp":"2025-05-16T19:38:49.074Z"}
{"level":"info","message":"⌛ Building environment","timeElapsed":122,"timestamp":"2025-05-16T19:38:49.316Z"}
{"level":"info","message":"⌛ Building environment","timeElapsed":110,"timestamp":"2025-05-16T19:38:49.426Z"}
{"level":"info","message":"⌛ Validating materia.wlk","timeElapsed":128,"timestamp":"2025-05-16T19:38:49.555Z"}
{"level":"info","message":"⌛ Validating materia.wlk","timeElapsed":126,"timestamp":"2025-05-16T19:38:49.681Z"}
{"level":"info","message":"⌛ Building environment","timeElapsed":118,"timestamp":"2025-05-16T19:38:49.800Z"}
{"level":"info","message":"⌛ Building environment","timeElapsed":292,"timestamp":"2025-05-16T19:38:50.092Z"}
{"level":"info","message":"⌛ Building environment","timeElapsed":193,"timestamp":"2025-05-16T19:38:50.287Z"}
{"level":"info","message":"⌛ Building environment","timeElapsed":327,"timestamp":"2025-05-16T19:38:50.616Z"}
{"level":"info","message":"⌛ Validating materia.wlk","timeElapsed":222,"timestamp":"2025-05-16T19:38:50.841Z"}
{"level":"info","message":"⌛ Building environment","timeElapsed":143,"timestamp":"2025-05-16T19:38:50.986Z"}
{"level":"info","message":"⌛ Validating materia.wlk","timeElapsed":112,"timestamp":"2025-05-16T19:38:51.098Z"}
{"level":"info","message":"⌛ Validating materia.wlk","timeElapsed":114,"timestamp":"2025-05-16T19:38:51.219Z"}
{"level":"info","message":"⌛ Validating materia.wlk","timeElapsed":109,"timestamp":"2025-05-16T19:38:51.328Z"}
{"level":"info","message":"⌛ Validating materia.wlk","timeElapsed":111,"timestamp":"2025-05-16T19:38:51.439Z"}
{"level":"info","message":"⌛ Building environment","timeElapsed":110,"timestamp":"2025-05-16T19:38:51.555Z"}
{"level":"info","message":"⌛ Building environment","timeElapsed":117,"timestamp":"2025-05-16T19:38:51.811Z"}
{"level":"info","message":"⌛ Validating materia.wlk","timeElapsed":112,"timestamp":"2025-05-16T19:38:51.923Z"}
{"level":"info","message":"⌛ Building environment","timeElapsed":203,"timestamp":"2025-05-16T19:38:53.955Z"}
{"level":"info","message":"⌛ Building environment","timeElapsed":285,"timestamp":"2025-05-16T19:38:54.242Z"}
{"level":"info","message":"⌛ Building environment","timeElapsed":169,"timestamp":"2025-05-16T19:38:54.412Z"}
{"level":"info","message":"⌛ Validating materia.wlk","timeElapsed":144,"timestamp":"2025-05-16T19:38:54.562Z"}
{"level":"info","message":"⌛ Building environment","timeElapsed":113,"timestamp":"2025-05-16T19:38:54.675Z"}
{"level":"info","message":"⌛ Building environment","timeElapsed":119,"timestamp":"2025-05-16T19:38:54.795Z"}
{"level":"info","message":"⌛ Building environment","timeElapsed":111,"timestamp":"2025-05-16T19:38:54.908Z"}
{"level":"info","message":"⌛ Validating materia.wlk","timeElapsed":103,"timestamp":"2025-05-16T19:38:55.011Z"}
{"level":"info","message":"⌛ Building environment","timeElapsed":114,"timestamp":"2025-05-16T19:38:55.125Z"}
{"level":"info","message":"⌛ Building environment","timeElapsed":109,"timestamp":"2025-05-16T19:38:55.334Z"}
{"level":"info","message":"⌛ Validating materia.wlk","timeElapsed":109,"timestamp":"2025-05-16T19:38:55.443Z"}
{"level":"info","message":"⌛ Validating materia.wlk","timeElapsed":126,"timestamp":"2025-05-16T19:38:55.591Z"}
{"level":"info","message":"⌛ Validating materia.wlk","timeElapsed":115,"timestamp":"2025-05-16T19:38:55.708Z"}
{"level":"info","message":"⌛ Validating materia.wlk","timeElapsed":119,"timestamp":"2025-05-16T19:38:55.827Z"}
{"level":"info","message":"⌛ Validating materia.wlk","timeElapsed":129,"timestamp":"2025-05-16T19:38:55.956Z"}
{"level":"info","message":"⌛ Building environment","timeElapsed":135,"timestamp":"2025-05-16T19:38:56.092Z"}
{"level":"info","message":"⌛ Building environment","timeElapsed":165,"timestamp":"2025-05-16T19:38:56.298Z"}
{"level":"info","message":"⌛ Building environment","timeElapsed":123,"timestamp":"2025-05-16T19:38:56.426Z"}
{"level":"info","message":"⌛ Building environment","timeElapsed":124,"timestamp":"2025-05-16T19:38:56.551Z"}
{"level":"info","message":"⌛ Validating materia.wlk","timeElapsed":107,"timestamp":"2025-05-16T19:38:56.659Z"}
{"level":"info","message":"⌛ Building environment","timeElapsed":110,"timestamp":"2025-05-16T19:38:56.770Z"}
{"level":"info","message":"⌛ Building environment","timeElapsed":106,"timestamp":"2025-05-16T19:38:57.002Z"}
{"level":"info","message":"⌛ Building environment","timeElapsed":104,"timestamp":"2025-05-16T19:38:57.205Z"}
{"level":"info","message":"⌛ Validating materia.wlk","timeElapsed":110,"timestamp":"2025-05-16T19:38:57.316Z"}
{"level":"info","message":"⌛ Validating materia.wlk","timeElapsed":102,"timestamp":"2025-05-16T19:38:57.525Z"}
{"level":"info","message":"⌛ Validating materia.wlk","timeElapsed":120,"timestamp":"2025-05-16T19:38:57.645Z"}
{"level":"info","message":"⌛ Building environment","timeElapsed":130,"timestamp":"2025-05-16T19:38:57.775Z"}
{"level":"info","message":"⌛ Building environment","timeElapsed":140,"timestamp":"2025-05-16T19:38:57.950Z"}
{"level":"info","message":"⌛ Building environment","timeElapsed":144,"timestamp":"2025-05-16T19:38:58.095Z"}
{"level":"info","message":"⌛ Validating materia.wlk","timeElapsed":162,"timestamp":"2025-05-16T19:38:58.258Z"}
{"level":"info","message":"⌛ Building environment","timeElapsed":136,"timestamp":"2025-05-16T19:38:58.394Z"}
{"level":"info","message":"⌛ Building environment","timeElapsed":139,"timestamp":"2025-05-16T19:38:58.534Z"}
{"level":"info","message":"⌛ Validating materia.wlk","timeElapsed":132,"timestamp":"2025-05-16T19:38:58.667Z"}
{"level":"info","message":"⌛ Building environment","timeElapsed":117,"timestamp":"2025-05-16T19:38:58.784Z"}
{"level":"info","message":"⌛ Validating materia.wlk","timeElapsed":111,"timestamp":"2025-05-16T19:38:58.896Z"}
{"level":"info","message":"⌛ Building environment","timeElapsed":154,"timestamp":"2025-05-16T19:38:59.051Z"}
{"level":"info","message":"⌛ Validating materia.wlk","timeElapsed":187,"timestamp":"2025-05-16T19:38:59.357Z"}
{"level":"info","message":"⌛ Building environment","timeElapsed":136,"timestamp":"2025-05-16T19:38:59.496Z"}
{"level":"info","message":"⌛ Building environment","timeElapsed":114,"timestamp":"2025-05-16T19:38:59.610Z"}
{"level":"info","message":"⌛ Validating materia.wlk","timeElapsed":115,"timestamp":"2025-05-16T19:38:59.726Z"}
{"level":"info","message":"⌛ Validating materia.wlk","timeElapsed":102,"timestamp":"2025-05-16T19:38:59.828Z"}
{"level":"info","message":"⌛ Building environment","timeElapsed":111,"timestamp":"2025-05-16T19:38:59.946Z"}
{"level":"error","message":"✘ Completions for node Send ([264:8, 264:36] - materia.wlk) failed: Error: [Send]{5992bb} at materia.wlk:264 exhausted all cases without a match [Send]{5992bb} at materia.wlk:264 exhausted all cases without a match","stack":"Error: [Send]{5992bb} at materia.wlk:264 exhausted all cases without a match\n    at c:\\Users\\gasto\\.vscode\\extensions\\uqbar.wollok-lsp-ide-0.5.1\\out\\server\\src\\server.js:38:6142\n    at C2 (c:\\Users\\gasto\\.vscode\\extensions\\uqbar.wollok-lsp-ide-0.5.1\\out\\server\\src\\server.js:2362:42)\n    at Gh (c:\\Users\\gasto\\.vscode\\extensions\\uqbar.wollok-lsp-ide-0.5.1\\out\\server\\src\\server.js:2362:1092)\n    at a8n (c:\\Users\\gasto\\.vscode\\extensions\\uqbar.wollok-lsp-ide-0.5.1\\out\\server\\src\\server.js:2362:1248)\n    at c:\\Users\\gasto\\.vscode\\extensions\\uqbar.wollok-lsp-ide-0.5.1\\out\\server\\src\\server.js:38:6131\n    at C2 (c:\\Users\\gasto\\.vscode\\extensions\\uqbar.wollok-lsp-ide-0.5.1\\out\\server\\src\\server.js:2362:42)\n    at c:\\Users\\gasto\\.vscode\\extensions\\uqbar.wollok-lsp-ide-0.5.1\\out\\server\\src\\server.js:2362:2988\n    at c:\\Users\\gasto\\.vscode\\extensions\\uqbar.wollok-lsp-ide-0.5.1\\out\\server\\src\\server.js:2371:8412\n    at c:\\Users\\gasto\\.vscode\\extensions\\uqbar.wollok-lsp-ide-0.5.1\\out\\server\\src\\server.js:37:74872\n    at Ye (c:\\Users\\gasto\\.vscode\\extensions\\uqbar.wollok-lsp-ide-0.5.1\\out\\server\\src\\server.js:7:8527)","timestamp":"2025-05-16T19:38:59.977Z"}
{"level":"info","message":"⌛ Building environment","timeElapsed":120,"timestamp":"2025-05-16T19:39:00.100Z"}
{"level":"info","message":"⌛ Building environment","timeElapsed":107,"timestamp":"2025-05-16T19:39:00.307Z"}
{"level":"info","message":"⌛ Validating materia.wlk","timeElapsed":128,"timestamp":"2025-05-16T19:39:00.435Z"}
{"level":"info","message":"⌛ Validating materia.wlk","timeElapsed":109,"timestamp":"2025-05-16T19:39:00.552Z"}
{"level":"info","message":"⌛ Validating materia.wlk","timeElapsed":132,"timestamp":"2025-05-16T19:39:00.702Z"}
{"level":"info","message":"⌛ Validating materia.wlk","timeElapsed":132,"timestamp":"2025-05-16T19:39:00.835Z"}
{"level":"info","message":"⌛ Building environment","timeElapsed":121,"timestamp":"2025-05-16T19:39:00.957Z"}
{"level":"info","message":"⌛ Validating materia.wlk","timeElapsed":124,"timestamp":"2025-05-16T19:39:01.087Z"}
{"level":"info","message":"⌛ Building environment","timeElapsed":140,"timestamp":"2025-05-16T19:39:01.774Z"}
{"level":"info","message":"⌛ Validating materia.wlk","timeElapsed":101,"timestamp":"2025-05-16T19:39:01.876Z"}
{"level":"info","message":"⌛ Building environment","timeElapsed":129,"timestamp":"2025-05-16T19:39:02.306Z"}
{"level":"info","message":"⌛ Building environment","timeElapsed":126,"timestamp":"2025-05-16T19:39:02.889Z"}
{"level":"info","message":"⌛ Building environment","timeElapsed":123,"timestamp":"2025-05-16T19:39:03.045Z"}
{"level":"info","message":"⌛ Validating materia.wlk","timeElapsed":150,"timestamp":"2025-05-16T19:39:03.196Z"}
{"level":"info","message":"⌛ Building environment","timeElapsed":122,"timestamp":"2025-05-16T19:39:03.321Z"}
{"level":"info","message":"⌛ Validating materia.wlk","timeElapsed":111,"timestamp":"2025-05-16T19:39:03.433Z"}
{"level":"info","message":"⌛ Validating materia.wlk","timeElapsed":107,"timestamp":"2025-05-16T19:39:03.544Z"}
{"level":"info","message":"⌛ Building environment","timeElapsed":208,"timestamp":"2025-05-16T19:39:05.260Z"}
{"level":"info","message":"⌛ Building environment","timeElapsed":146,"timestamp":"2025-05-16T19:39:05.407Z"}
{"level":"info","message":"⌛ Validating materia.wlk","timeElapsed":175,"timestamp":"2025-05-16T19:39:05.585Z"}
{"level":"info","message":"⌛ Validating materia.wlk","timeElapsed":135,"timestamp":"2025-05-16T19:39:05.742Z"}
{"level":"info","message":"⌛ Building environment","timeElapsed":181,"timestamp":"2025-05-16T19:39:09.806Z"}
{"level":"info","message":"⌛ Validating materia.wlk","timeElapsed":140,"timestamp":"2025-05-16T19:39:09.947Z"}
{"level":"info","message":"⌛ Building environment","timeElapsed":143,"timestamp":"2025-05-16T19:39:21.512Z"}
{"level":"info","message":"⌛ Validating materia.wlk","timeElapsed":143,"timestamp":"2025-05-16T19:39:21.659Z"}
{"level":"info","message":"⌛ Building environment","timeElapsed":135,"timestamp":"2025-05-16T19:39:23.892Z"}
{"level":"info","message":"⌛ Validating materia.wlk","timeElapsed":117,"timestamp":"2025-05-16T19:39:24.055Z"}
{"level":"info","message":"⌛ Building environment","timeElapsed":185,"timestamp":"2025-05-16T19:39:24.241Z"}
{"level":"info","message":"⌛ Building environment","timeElapsed":134,"timestamp":"2025-05-16T19:39:24.376Z"}
{"level":"info","message":"⌛ Building environment","timeElapsed":131,"timestamp":"2025-05-16T19:39:24.508Z"}
{"level":"info","message":"⌛ Validating materia.wlk","timeElapsed":131,"timestamp":"2025-05-16T19:39:24.640Z"}
{"level":"info","message":"⌛ Validating materia.wlk","timeElapsed":114,"timestamp":"2025-05-16T19:39:24.761Z"}
{"level":"info","message":"⌛ Validating materia.wlk","timeElapsed":119,"timestamp":"2025-05-16T19:39:24.896Z"}
{"level":"info","message":"⌛ Building environment","timeElapsed":131,"timestamp":"2025-05-16T19:39:25.028Z"}
{"level":"info","message":"⌛ Building environment","timeElapsed":135,"timestamp":"2025-05-16T19:39:25.169Z"}
{"level":"info","message":"⌛ Building environment","timeElapsed":402,"timestamp":"2025-05-16T19:39:25.572Z"}
{"level":"info","message":"⌛ Validating materia.wlk","timeElapsed":137,"timestamp":"2025-05-16T19:39:25.709Z"}
{"level":"info","message":"⌛ Building environment","timeElapsed":112,"timestamp":"2025-05-16T19:39:25.823Z"}
{"level":"info","message":"⌛ Building environment","timeElapsed":152,"timestamp":"2025-05-16T19:39:25.975Z"}
{"level":"info","message":"⌛ Validating materia.wlk","timeElapsed":153,"timestamp":"2025-05-16T19:39:26.128Z"}
{"level":"info","message":"⌛ Building environment","timeElapsed":133,"timestamp":"2025-05-16T19:39:26.261Z"}
{"level":"info","message":"⌛ Building environment","timeElapsed":174,"timestamp":"2025-05-16T19:39:26.436Z"}
{"level":"info","message":"⌛ Building environment","timeElapsed":147,"timestamp":"2025-05-16T19:39:26.584Z"}
{"level":"info","message":"⌛ Validating materia.wlk","timeElapsed":116,"timestamp":"2025-05-16T19:39:26.701Z"}
{"level":"info","message":"⌛ Building environment","timeElapsed":150,"timestamp":"2025-05-16T19:39:26.851Z"}
{"level":"info","message":"⌛ Validating materia.wlk","timeElapsed":101,"timestamp":"2025-05-16T19:39:26.986Z"}
{"level":"info","message":"⌛ Building environment","timeElapsed":119,"timestamp":"2025-05-16T19:39:27.105Z"}
{"level":"info","message":"⌛ Validating materia.wlk","timeElapsed":107,"timestamp":"2025-05-16T19:39:27.214Z"}
{"level":"info","message":"⌛ Building environment","timeElapsed":108,"timestamp":"2025-05-16T19:39:27.324Z"}
{"level":"info","message":"⌛ Building environment","timeElapsed":101,"timestamp":"2025-05-16T19:39:27.425Z"}
{"level":"info","message":"⌛ Building environment","timeElapsed":102,"timestamp":"2025-05-16T19:39:27.528Z"}
{"level":"info","message":"⌛ Building environment","timeElapsed":107,"timestamp":"2025-05-16T19:39:27.734Z"}
{"level":"info","message":"⌛ Building environment","timeElapsed":105,"timestamp":"2025-05-16T19:39:27.839Z"}
{"level":"info","message":"⌛ Validating materia.wlk","timeElapsed":180,"timestamp":"2025-05-16T19:39:28.020Z"}
{"level":"info","message":"⌛ Validating materia.wlk","timeElapsed":103,"timestamp":"2025-05-16T19:39:28.124Z"}
{"level":"info","message":"⌛ Building environment","timeElapsed":143,"timestamp":"2025-05-16T19:39:28.288Z"}
{"level":"info","message":"⌛ Validating materia.wlk","timeElapsed":111,"timestamp":"2025-05-16T19:39:28.600Z"}
{"level":"info","message":"⌛ Validating materia.wlk","timeElapsed":108,"timestamp":"2025-05-16T19:39:28.709Z"}
{"level":"info","message":"⌛ Validating materia.wlk","timeElapsed":124,"timestamp":"2025-05-16T19:39:28.943Z"}
{"level":"info","message":"⌛ Building environment","timeElapsed":120,"timestamp":"2025-05-16T19:39:29.291Z"}
{"level":"info","message":"⌛ Building environment","timeElapsed":107,"timestamp":"2025-05-16T19:39:29.398Z"}
{"level":"info","message":"⌛ Building environment","timeElapsed":115,"timestamp":"2025-05-16T19:39:29.547Z"}
{"level":"info","message":"⌛ Building environment","timeElapsed":101,"timestamp":"2025-05-16T19:39:29.680Z"}
{"level":"info","message":"⌛ Validating materia.wlk","timeElapsed":101,"timestamp":"2025-05-16T19:39:29.907Z"}
{"level":"info","message":"⌛ Validating materia.wlk","timeElapsed":104,"timestamp":"2025-05-16T19:39:30.122Z"}
{"level":"info","message":"⌛ Building environment","timeElapsed":176,"timestamp":"2025-05-16T19:39:32.919Z"}
{"level":"info","message":"⌛ Validating materia.wlk","timeElapsed":119,"timestamp":"2025-05-16T19:39:33.078Z"}
{"level":"info","message":"⌛ Building environment","timeElapsed":147,"timestamp":"2025-05-16T19:39:33.674Z"}
{"level":"info","message":"⌛ Validating materia.wlk","timeElapsed":115,"timestamp":"2025-05-16T19:39:33.829Z"}
{"level":"info","message":"⌛ Building environment","timeElapsed":194,"timestamp":"2025-05-16T19:39:40.239Z"}
{"level":"info","message":"⌛ Building environment","timeElapsed":178,"timestamp":"2025-05-16T19:39:40.419Z"}
{"level":"info","message":"⌛ Validating materia.wlk","timeElapsed":130,"timestamp":"2025-05-16T19:39:40.550Z"}
{"level":"info","message":"⌛ Building environment","timeElapsed":111,"timestamp":"2025-05-16T19:39:40.661Z"}
{"level":"info","message":"⌛ Building environment","timeElapsed":118,"timestamp":"2025-05-16T19:39:40.780Z"}
{"level":"info","message":"⌛ Validating materia.wlk","timeElapsed":107,"timestamp":"2025-05-16T19:39:40.888Z"}
{"level":"info","message":"⌛ Validating materia.wlk","timeElapsed":168,"timestamp":"2025-05-16T19:39:41.061Z"}
{"level":"info","message":"⌛ Validating materia.wlk","timeElapsed":162,"timestamp":"2025-05-16T19:39:41.231Z"}
{"level":"info","message":"⌛ Building environment","timeElapsed":123,"timestamp":"2025-05-16T19:39:41.369Z"}
{"level":"info","message":"⌛ Validating materia.wlk","timeElapsed":120,"timestamp":"2025-05-16T19:39:41.491Z"}
{"level":"info","message":"⌛ Building environment","timeElapsed":116,"timestamp":"2025-05-16T19:39:42.318Z"}
{"level":"info","message":"⌛ Building environment","timeElapsed":188,"timestamp":"2025-05-16T19:39:44.172Z"}
{"level":"error","message":"✘ Completions for node Send ([275:8, 275:36] - materia.wlk) failed: Error: [Send]{ba3466} at materia.wlk:275 exhausted all cases without a match [Send]{ba3466} at materia.wlk:275 exhausted all cases without a match","stack":"Error: [Send]{ba3466} at materia.wlk:275 exhausted all cases without a match\n    at c:\\Users\\gasto\\.vscode\\extensions\\uqbar.wollok-lsp-ide-0.5.1\\out\\server\\src\\server.js:38:6142\n    at C2 (c:\\Users\\gasto\\.vscode\\extensions\\uqbar.wollok-lsp-ide-0.5.1\\out\\server\\src\\server.js:2362:42)\n    at Gh (c:\\Users\\gasto\\.vscode\\extensions\\uqbar.wollok-lsp-ide-0.5.1\\out\\server\\src\\server.js:2362:1092)\n    at a8n (c:\\Users\\gasto\\.vscode\\extensions\\uqbar.wollok-lsp-ide-0.5.1\\out\\server\\src\\server.js:2362:1248)\n    at c:\\Users\\gasto\\.vscode\\extensions\\uqbar.wollok-lsp-ide-0.5.1\\out\\server\\src\\server.js:38:6131\n    at C2 (c:\\Users\\gasto\\.vscode\\extensions\\uqbar.wollok-lsp-ide-0.5.1\\out\\server\\src\\server.js:2362:42)\n    at c:\\Users\\gasto\\.vscode\\extensions\\uqbar.wollok-lsp-ide-0.5.1\\out\\server\\src\\server.js:2362:2988\n    at c:\\Users\\gasto\\.vscode\\extensions\\uqbar.wollok-lsp-ide-0.5.1\\out\\server\\src\\server.js:2371:8412\n    at c:\\Users\\gasto\\.vscode\\extensions\\uqbar.wollok-lsp-ide-0.5.1\\out\\server\\src\\server.js:37:74872\n    at Ye (c:\\Users\\gasto\\.vscode\\extensions\\uqbar.wollok-lsp-ide-0.5.1\\out\\server\\src\\server.js:7:8527)","timestamp":"2025-05-16T19:39:44.211Z"}
{"level":"info","message":"⌛ Building environment","timeElapsed":154,"timestamp":"2025-05-16T19:39:44.367Z"}
{"level":"info","message":"⌛ Validating materia.wlk","timeElapsed":140,"timestamp":"2025-05-16T19:39:44.509Z"}
{"level":"info","message":"⌛ Building environment","timeElapsed":151,"timestamp":"2025-05-16T19:39:44.661Z"}
{"level":"info","message":"⌛ Validating materia.wlk","timeElapsed":133,"timestamp":"2025-05-16T19:39:44.794Z"}
{"level":"info","message":"⌛ Building environment","timeElapsed":136,"timestamp":"2025-05-16T19:39:44.937Z"}
{"level":"info","message":"⌛ Validating materia.wlk","timeElapsed":120,"timestamp":"2025-05-16T19:39:45.058Z"}
{"level":"info","message":"⌛ Building environment","timeElapsed":114,"timestamp":"2025-05-16T19:39:45.172Z"}
{"level":"info","message":"⌛ Validating materia.wlk","timeElapsed":108,"timestamp":"2025-05-16T19:39:45.313Z"}
{"level":"info","message":"⌛ Building environment","timeElapsed":121,"timestamp":"2025-05-16T19:39:45.664Z"}
{"level":"info","message":"⌛ Validating materia.wlk","timeElapsed":133,"timestamp":"2025-05-16T19:39:45.797Z"}
{"level":"info","message":"⌛ Building environment","timeElapsed":140,"timestamp":"2025-05-16T19:39:45.937Z"}
{"level":"info","message":"⌛ Validating materia.wlk","timeElapsed":252,"timestamp":"2025-05-16T19:39:46.190Z"}
{"level":"info","message":"⌛ Building environment","timeElapsed":132,"timestamp":"2025-05-16T19:39:47.551Z"}
{"level":"info","message":"⌛ Building environment","timeElapsed":106,"timestamp":"2025-05-16T19:39:47.658Z"}
{"level":"info","message":"⌛ Validating materia.wlk","timeElapsed":128,"timestamp":"2025-05-16T19:39:47.787Z"}
{"level":"info","message":"⌛ Validating materia.wlk","timeElapsed":106,"timestamp":"2025-05-16T19:39:47.894Z"}
{"level":"info","message":"⌛ Building environment","timeElapsed":126,"timestamp":"2025-05-16T19:39:49.090Z"}
{"level":"info","message":"⌛ Validating materia.wlk","timeElapsed":102,"timestamp":"2025-05-16T19:39:49.192Z"}
{"level":"info","message":"🧪 Test runner executed on c:\\Users\\gasto\\wollok\\workspace\\2025c1-tp3-materias-PabloGaston121317","result":{"errored":18,"failed":0,"ok":0},"testsFailed":[{"error":["wollok.lang.EvaluationError: Error: OrdenDeLlegada is an abstract class, you cannot generate instances","  at New [testMateria.wtest:7]\r","  at New [testMateria.wtest:7]\r","  at testMateria.\"Materia\".initialize() [testMateria.wtest:41]"],"test":"testMateria.\"Materia\".\"cantidad de materias aprobadas de roque , 2 (matematica1 , objetos1)\""},{"error":["wollok.lang.EvaluationError: Error: OrdenDeLlegada is an abstract class, you cannot generate instances","  at New [testMateria.wtest:7]\r","  at New [testMateria.wtest:7]\r","  at testMateria.\"Materia\".initialize() [testMateria.wtest:41]"],"test":"testMateria.\"Materia\".\"promedio  de roque, objetos1 aprobado con 8 y matematicas con 10, promedio 9\""},{"error":["wollok.lang.EvaluationError: Error: OrdenDeLlegada is an abstract class, you cannot generate instances","  at New [testMateria.wtest:7]\r","  at New [testMateria.wtest:7]\r","  at testMateria.\"Materia\".initialize() [testMateria.wtest:41]"],"test":"testMateria.\"Materia\".\"roque tiene aprobada matematicas 1  pero no tiene aprobada objetos2\""},{"error":["wollok.lang.EvaluationError: Error: OrdenDeLlegada is an abstract class, you cannot generate instances","  at New [testMateria.wtest:7]\r","  at New [testMateria.wtest:7]\r","  at testMateria.\"Materia\".initialize() [testMateria.wtest:41]"],"test":"testMateria.\"Materia\".\"se quiere registar una materia aprobada a roque (matematicas1) pero ya la tiene aprobada\""},{"error":["wollok.lang.EvaluationError: Error: OrdenDeLlegada is an abstract class, you cannot generate instances","  at New [testMateria.wtest:7]\r","  at New [testMateria.wtest:7]\r","  at testMateria.\"Materia\".initialize() [testMateria.wtest:41]"],"test":"testMateria.\"Materia\".\"todas las materias  en las que roque esta inscripto,   todas las de programacion y medicina \""},{"error":["wollok.lang.EvaluationError: Error: OrdenDeLlegada is an abstract class, you cannot generate instances","  at New [testMateria.wtest:7]\r","  at New [testMateria.wtest:7]\r","  at testMateria.\"Materia\".initialize() [testMateria.wtest:41]"],"test":"testMateria.\"Materia\".\"objetos2 corresponde a una carrera que cursa roque\""},{"error":["wollok.lang.EvaluationError: Error: OrdenDeLlegada is an abstract class, you cannot generate instances","  at New [testMateria.wtest:7]\r","  at New [testMateria.wtest:7]\r","  at testMateria.\"Materia\".initialize() [testMateria.wtest:41]"],"test":"testMateria.\"Materia\".\"roque todavia no aprobo objetos2\""},{"error":["wollok.lang.EvaluationError: Error: OrdenDeLlegada is an abstract class, you cannot generate instances","  at New [testMateria.wtest:7]\r","  at New [testMateria.wtest:7]\r","  at testMateria.\"Materia\".initialize() [testMateria.wtest:41]"],"test":"testMateria.\"Materia\".\"roque no debe estar inscripto en objetos 2 \""},{"error":["wollok.lang.EvaluationError: Error: OrdenDeLlegada is an abstract class, you cannot generate instances","  at New [testMateria.wtest:7]\r","  at New [testMateria.wtest:7]\r","  at testMateria.\"Materia\".initialize() [testMateria.wtest:41]"],"test":"testMateria.\"Materia\".\"roque Debe tener  todas las materias que tienen como correlativa a objetos2 \""},{"error":["wollok.lang.EvaluationError: Error: OrdenDeLlegada is an abstract class, you cannot generate instances","  at New [testMateria.wtest:7]\r","  at New [testMateria.wtest:7]\r","  at testMateria.\"Materia\".initialize() [testMateria.wtest:41]"],"test":"testMateria.\"Materia\".\"roque puede inscribirse en objetos2\""},{"error":["wollok.lang.EvaluationError: Error: OrdenDeLlegada is an abstract class, you cannot generate instances","  at New [testMateria.wtest:7]\r","  at New [testMateria.wtest:7]\r","  at testMateria.\"Materia\".initialize() [testMateria.wtest:41]"],"test":"testMateria.\"Materia\".\"roque queda inscripto en  objetos 2 pero no puede inscribirse  en objetos 3\""},{"error":["wollok.lang.EvaluationError: Error: OrdenDeLlegada is an abstract class, you cannot generate instances","  at New [testMateria.wtest:7]\r","  at New [testMateria.wtest:7]\r","  at testMateria.\"Materia\".initialize() [testMateria.wtest:41]"],"test":"testMateria.\"Materia\".\"roque se da de baja en objetos 2  y  se inscribe en la materia rosita\""},{"error":["wollok.lang.EvaluationError: Error: OrdenDeLlegada is an abstract class, you cannot generate instances","  at New [testMateria.wtest:7]\r","  at New [testMateria.wtest:7]\r","  at testMateria.\"Materia\".initialize() [testMateria.wtest:41]"],"test":"testMateria.\"Materia\".\"materias en las que roque esta inscripto\""},{"error":["wollok.lang.EvaluationError: Error: OrdenDeLlegada is an abstract class, you cannot generate instances","  at New [testMateria.wtest:7]\r","  at New [testMateria.wtest:7]\r","  at testMateria.\"Materia\".initialize() [testMateria.wtest:41]"],"test":"testMateria.\"Materia\".\"materias en la que roque puede inscribirse de la carrera programacion\""},{"error":["wollok.lang.EvaluationError: Error: OrdenDeLlegada is an abstract class, you cannot generate instances","  at New [testMateria.wtest:7]\r","  at New [testMateria.wtest:7]\r","  at testMateria.\"Materia\".initialize() [testMateria.wtest:41]"],"test":"testMateria.\"Materia\".\"roque  puede inscribirse en objetos2, pero no en objetos3, ni en objetos1 ya que la tiene aprobada\""},{"error":["wollok.lang.EvaluationError: Error: OrdenDeLlegada is an abstract class, you cannot generate instances","  at New [testMateria.wtest:7]\r","  at New [testMateria.wtest:7]\r","  at testMateria.\"Materia\".initialize() [testMateria.wtest:41]"],"test":"testMateria.\"Materia\".\"roque puede inscribirse en objetos2 y programacion concurrente, y de medicina en biologia2\""},{"error":["wollok.lang.EvaluationError: Error: OrdenDeLlegada is an abstract class, you cannot generate instances","  at New [testMateria.wtest:7]\r","  at New [testMateria.wtest:7]\r","  at testMateria.\"Materia\".initialize() [testMateria.wtest:41]"],"test":"testMateria.\"Materia\".\"se inscriben  luisa,romina,alicia y roque en obejtos2 , las 3 primeras quedan ocnfirmadas y toque en lista de espera\""},{"error":["wollok.lang.EvaluationError: Error: OrdenDeLlegada is an abstract class, you cannot generate instances","  at New [testMateria.wtest:7]\r","  at New [testMateria.wtest:7]\r","  at testMateria.\"Materia\".initialize() [testMateria.wtest:41]"],"test":"testMateria.\"Materia\".\"romina se da de baja en objetos 2 entonces roque pasa a tener la confirmacion de la materia\""}],"timeElapsed":1257,"timestamp":"2025-05-16T19:40:02.396Z"}
{"level":"info","message":"⌛ Building environment","timeElapsed":175,"timestamp":"2025-05-16T19:40:21.071Z"}
{"level":"info","message":"⌛ Building environment","timeElapsed":242,"timestamp":"2025-05-16T19:40:21.390Z"}
{"level":"info","message":"⌛ Validating materia.wlk","timeElapsed":128,"timestamp":"2025-05-16T19:40:21.520Z"}
{"level":"info","message":"⌛ Building environment","timeElapsed":164,"timestamp":"2025-05-16T19:40:21.685Z"}
{"level":"info","message":"⌛ Validating materia.wlk","timeElapsed":120,"timestamp":"2025-05-16T19:40:21.832Z"}
{"level":"info","message":"⌛ Building environment","timeElapsed":135,"timestamp":"2025-05-16T19:40:21.969Z"}
{"level":"info","message":"⌛ Building environment","timeElapsed":104,"timestamp":"2025-05-16T19:40:22.075Z"}
{"level":"info","message":"⌛ Building environment","timeElapsed":123,"timestamp":"2025-05-16T19:40:22.197Z"}
{"level":"info","message":"⌛ Validating materia.wlk","timeElapsed":179,"timestamp":"2025-05-16T19:40:22.377Z"}
{"level":"info","message":"⌛ Building environment","timeElapsed":131,"timestamp":"2025-05-16T19:40:22.509Z"}
{"level":"info","message":"⌛ Building environment","timeElapsed":113,"timestamp":"2025-05-16T19:40:22.648Z"}
{"level":"info","message":"⌛ Validating materia.wlk","timeElapsed":139,"timestamp":"2025-05-16T19:40:22.788Z"}
{"level":"info","message":"⌛ Validating materia.wlk","timeElapsed":206,"timestamp":"2025-05-16T19:40:22.996Z"}
{"level":"info","message":"⌛ Validating materia.wlk","timeElapsed":114,"timestamp":"2025-05-16T19:40:23.129Z"}
{"level":"info","message":"⌛ Validating materia.wlk","timeElapsed":120,"timestamp":"2025-05-16T19:40:23.251Z"}
{"level":"info","message":"⌛ Validating materia.wlk","timeElapsed":117,"timestamp":"2025-05-16T19:40:23.382Z"}
{"level":"error","message":"✘ Failed to rebuild document Failed to parse materia.wlk: \n-- PARSING FAILED --------------------------------------------------\n\n  249 | \n  250 |     \n> 251 |      override  method (materia) {\n      |                       ^\n  252 |         materia.inscribir(estudiantesEspera.first())\n  253 |         estudiantesEspera.remove(estudiantesEspera.first())\n\nExpected one of the following: \n\n'!=', '!==', '%', '&&', '*', '**', '+', '-', '->', '..', '..<', '/', '<', '<<', '<<<', '<=', '<=>', '<>', '==', '===', '>', '>..', '>=', '>>', '>>>', '?:', 'and', 'invert', 'negate', 'or', 'plus', '||', identifier, whitespace\n","stack":"Error: Failed to parse materia.wlk: \n-- PARSING FAILED --------------------------------------------------\n\n  249 | \n  250 |     \n> 251 |      override  method (materia) {\n      |                       ^\n  252 |         materia.inscribir(estudiantesEspera.first())\n  253 |         estudiantesEspera.remove(estudiantesEspera.first())\n\nExpected one of the following: \n\n'!=', '!==', '%', '&&', '*', '**', '+', '-', '->', '..', '..<', '/', '<', '<<', '<<<', '<=', '<=>', '<>', '==', '===', '>', '>..', '>=', '>>', '>>>', '?:', 'and', 'invert', 'negate', 'or', 'plus', '||', identifier, whitespace\n\n    at c:\\Users\\gasto\\.vscode\\extensions\\uqbar.wollok-lsp-ide-0.5.1\\out\\server\\src\\server.js:2326:13026\n    at Array.map (<anonymous>)\n    at C1n (c:\\Users\\gasto\\.vscode\\extensions\\uqbar.wollok-lsp-ide-0.5.1\\out\\server\\src\\server.js:2326:12950)\n    at W2.buildEnvironmentFrom (c:\\Users\\gasto\\.vscode\\extensions\\uqbar.wollok-lsp-ide-0.5.1\\out\\server\\src\\server.js:2371:5254)\n    at W2.updateEnvironmentWith (c:\\Users\\gasto\\.vscode\\extensions\\uqbar.wollok-lsp-ide-0.5.1\\out\\server\\src\\server.js:2371:4989)\n    at YF (c:\\Users\\gasto\\.vscode\\extensions\\uqbar.wollok-lsp-ide-0.5.1\\out\\server\\src\\server.js:2371:7383)\n    at L3.invoke (c:\\Users\\gasto\\.vscode\\extensions\\uqbar.wollok-lsp-ide-0.5.1\\out\\server\\src\\server.js:3:157324)\n    at o.fire (c:\\Users\\gasto\\.vscode\\extensions\\uqbar.wollok-lsp-ide-0.5.1\\out\\server\\src\\server.js:3:158094)\n    at c:\\Users\\gasto\\.vscode\\extensions\\uqbar.wollok-lsp-ide-0.5.1\\out\\server\\src\\server.js:37:57871\n    at Kr (c:\\Users\\gasto\\.vscode\\extensions\\uqbar.wollok-lsp-ide-0.5.1\\out\\server\\src\\server.js:8:1561)","timestamp":"2025-05-16T19:40:43.395Z"}
{"level":"info","message":"⌛ Building environment","timeElapsed":155,"timestamp":"2025-05-16T19:40:44.431Z"}
{"level":"info","message":"⌛ Building environment","timeElapsed":125,"timestamp":"2025-05-16T19:40:44.605Z"}
{"level":"info","message":"⌛ Validating materia.wlk","timeElapsed":134,"timestamp":"2025-05-16T19:40:44.756Z"}
{"level":"info","message":"⌛ Building environment","timeElapsed":135,"timestamp":"2025-05-16T19:40:44.892Z"}
{"level":"info","message":"⌛ Validating materia.wlk","timeElapsed":106,"timestamp":"2025-05-16T19:40:44.998Z"}
{"level":"info","message":"⌛ Validating materia.wlk","timeElapsed":123,"timestamp":"2025-05-16T19:40:45.142Z"}
{"level":"info","message":"⌛ Building environment","timeElapsed":130,"timestamp":"2025-05-16T19:40:45.272Z"}
{"level":"info","message":"⌛ Building environment","timeElapsed":149,"timestamp":"2025-05-16T19:40:45.454Z"}
{"level":"info","message":"⌛ Validating materia.wlk","timeElapsed":122,"timestamp":"2025-05-16T19:40:45.577Z"}
{"level":"info","message":"⌛ Building environment","timeElapsed":122,"timestamp":"2025-05-16T19:40:45.699Z"}
{"level":"info","message":"⌛ Building environment","timeElapsed":116,"timestamp":"2025-05-16T19:40:45.845Z"}
{"level":"info","message":"⌛ Building environment","timeElapsed":111,"timestamp":"2025-05-16T19:40:46.056Z"}
{"level":"info","message":"⌛ Building environment","timeElapsed":102,"timestamp":"2025-05-16T19:40:46.159Z"}
{"level":"info","message":"⌛ Validating materia.wlk","timeElapsed":104,"timestamp":"2025-05-16T19:40:46.363Z"}
{"level":"info","message":"⌛ Validating materia.wlk","timeElapsed":198,"timestamp":"2025-05-16T19:40:46.579Z"}
{"level":"info","message":"⌛ Validating materia.wlk","timeElapsed":143,"timestamp":"2025-05-16T19:40:46.722Z"}
{"level":"info","message":"⌛ Building environment","timeElapsed":358,"timestamp":"2025-05-16T19:40:48.768Z"}
{"level":"info","message":"⌛ Building environment","timeElapsed":386,"timestamp":"2025-05-16T19:40:49.297Z"}
{"level":"info","message":"⌛ Building environment","timeElapsed":206,"timestamp":"2025-05-16T19:40:49.512Z"}
{"level":"info","message":"⌛ Validating materia.wlk","timeElapsed":146,"timestamp":"2025-05-16T19:40:49.659Z"}
{"level":"info","message":"⌛ Building environment","timeElapsed":119,"timestamp":"2025-05-16T19:40:49.778Z"}
{"level":"info","message":"⌛ Building environment","timeElapsed":114,"timestamp":"2025-05-16T19:40:49.893Z"}
{"level":"info","message":"⌛ Building environment","timeElapsed":104,"timestamp":"2025-05-16T19:40:50.026Z"}
{"level":"info","message":"⌛ Building environment","timeElapsed":103,"timestamp":"2025-05-16T19:40:50.129Z"}
{"level":"info","message":"⌛ Building environment","timeElapsed":126,"timestamp":"2025-05-16T19:40:50.256Z"}
{"level":"info","message":"⌛ Validating materia.wlk","timeElapsed":138,"timestamp":"2025-05-16T19:40:50.395Z"}
{"level":"info","message":"⌛ Building environment","timeElapsed":129,"timestamp":"2025-05-16T19:40:50.524Z"}
{"level":"info","message":"⌛ Validating materia.wlk","timeElapsed":123,"timestamp":"2025-05-16T19:40:50.649Z"}
{"level":"info","message":"⌛ Validating materia.wlk","timeElapsed":144,"timestamp":"2025-05-16T19:40:50.818Z"}
{"level":"info","message":"⌛ Validating materia.wlk","timeElapsed":110,"timestamp":"2025-05-16T19:40:50.929Z"}
{"level":"info","message":"⌛ Validating materia.wlk","timeElapsed":122,"timestamp":"2025-05-16T19:40:51.064Z"}
{"level":"info","message":"⌛ Validating materia.wlk","timeElapsed":107,"timestamp":"2025-05-16T19:40:51.270Z"}
{"level":"info","message":"⌛ Building environment","timeElapsed":126,"timestamp":"2025-05-16T19:40:51.397Z"}
{"level":"info","message":"⌛ Validating materia.wlk","timeElapsed":106,"timestamp":"2025-05-16T19:40:51.644Z"}
{"level":"info","message":"🧪 Test runner executed on c:\\Users\\gasto\\wollok\\workspace\\2025c1-tp3-materias-PabloGaston121317","result":{"errored":2,"failed":0,"ok":16},"testsFailed":[{"error":["wollok.lang.MessageNotUnderstoodException: an OrdenDeLlegada does not understand estudiantesEspera()","  at materia.Materia.estaEnEspera(estudiante) [materia.wlk:139]\r","  at materia.Estudiante.materiasEnEspera() [materia.wlk:69]\r","  at testMateria.\"Materia\".\"materias en las que roque esta inscripto\" [testMateria.wtest:180]"],"test":"testMateria.\"Materia\".\"materias en las que roque esta inscripto\""},{"error":["wollok.lang.MessageNotUnderstoodException: a Materia does not understand estudiantesEspera()","  at testMateria.\"Materia\".\"se inscriben  luisa,romina,alicia y roque en obejtos2 , las 3 primeras quedan ocnfirmadas y toque en lista de espera\" [testMateria.wtest:208]"],"test":"testMateria.\"Materia\".\"se inscriben  luisa,romina,alicia y roque en obejtos2 , las 3 primeras quedan ocnfirmadas y toque en lista de espera\""}],"timeElapsed":4618,"timestamp":"2025-05-16T19:41:06.194Z"}
{"level":"info","message":"⌛ Building environment","timeElapsed":154,"timestamp":"2025-05-16T19:42:28.923Z"}
{"level":"info","message":"⌛ Validating materia.wlk","timeElapsed":117,"timestamp":"2025-05-16T19:42:29.043Z"}
{"level":"info","message":"⌛ Building environment","timeElapsed":129,"timestamp":"2025-05-16T19:42:29.265Z"}
{"level":"info","message":"⌛ Validating materia.wlk","timeElapsed":117,"timestamp":"2025-05-16T19:42:29.397Z"}
{"level":"info","message":"⌛ Building environment","timeElapsed":169,"timestamp":"2025-05-16T19:42:50.150Z"}
{"level":"info","message":"⌛ Validating testMateria.wtest","timeElapsed":132,"timestamp":"2025-05-16T19:42:50.284Z"}
{"level":"info","message":"⌛ Building environment","timeElapsed":158,"timestamp":"2025-05-16T19:42:50.502Z"}
{"level":"info","message":"⌛ Validating testMateria.wtest","timeElapsed":107,"timestamp":"2025-05-16T19:42:50.637Z"}
{"level":"info","message":"🧪 Test runner executed on c:\\Users\\gasto\\wollok\\workspace\\2025c1-tp3-materias-PabloGaston121317","result":{"errored":0,"failed":0,"ok":18},"testsFailed":[],"timeElapsed":4458,"timestamp":"2025-05-16T19:43:01.254Z"}
